

Started OPTIONS "/api/v1/register" for ::1 at 2015-04-05 21:15:38 -0400

ActiveRecord::PendingMigrationError (

Migrations are pending. To resolve this issue, run:

	bin/rake db:migrate RAILS_ENV=development

):
  activerecord (4.2.0) lib/active_record/migration.rb:393:in `check_pending!'
  activerecord (4.2.0) lib/active_record/migration.rb:374:in `call'
  actionpack (4.2.0) lib/action_dispatch/middleware/callbacks.rb:29:in `block in call'
  activesupport (4.2.0) lib/active_support/callbacks.rb:88:in `call'
  activesupport (4.2.0) lib/active_support/callbacks.rb:88:in `_run_callbacks'
  activesupport (4.2.0) lib/active_support/callbacks.rb:734:in `_run_call_callbacks'
  activesupport (4.2.0) lib/active_support/callbacks.rb:81:in `run_callbacks'
  actionpack (4.2.0) lib/action_dispatch/middleware/callbacks.rb:27:in `call'
  actionpack (4.2.0) lib/action_dispatch/middleware/reloader.rb:73:in `call'
  actionpack (4.2.0) lib/action_dispatch/middleware/remote_ip.rb:78:in `call'
  actionpack (4.2.0) lib/action_dispatch/middleware/debug_exceptions.rb:17:in `call'
  actionpack (4.2.0) lib/action_dispatch/middleware/show_exceptions.rb:30:in `call'
  railties (4.2.0) lib/rails/rack/logger.rb:38:in `call_app'
  railties (4.2.0) lib/rails/rack/logger.rb:20:in `block in call'
  activesupport (4.2.0) lib/active_support/tagged_logging.rb:68:in `block in tagged'
  activesupport (4.2.0) lib/active_support/tagged_logging.rb:26:in `tagged'
  activesupport (4.2.0) lib/active_support/tagged_logging.rb:68:in `tagged'
  railties (4.2.0) lib/rails/rack/logger.rb:20:in `call'
  actionpack (4.2.0) lib/action_dispatch/middleware/request_id.rb:21:in `call'
  rack (1.6.0) lib/rack/runtime.rb:18:in `call'
  activesupport (4.2.0) lib/active_support/cache/strategy/local_cache_middleware.rb:28:in `call'
  rack (1.6.0) lib/rack/lock.rb:17:in `call'
  actionpack (4.2.0) lib/action_dispatch/middleware/static.rb:113:in `call'
  railties (4.2.0) lib/rails/engine.rb:518:in `call'
  railties (4.2.0) lib/rails/application.rb:164:in `call'
  rack (1.6.0) lib/rack/lock.rb:17:in `call'
  rack (1.6.0) lib/rack/content_length.rb:15:in `call'
  rack (1.6.0) lib/rack/handler/webrick.rb:89:in `service'
  /Users/lindsay_eisberg/.rvm/rubies/ruby-2.2.0/lib/ruby/2.2.0/webrick/httpserver.rb:138:in `service'
  /Users/lindsay_eisberg/.rvm/rubies/ruby-2.2.0/lib/ruby/2.2.0/webrick/httpserver.rb:94:in `run'
  /Users/lindsay_eisberg/.rvm/rubies/ruby-2.2.0/lib/ruby/2.2.0/webrick/server.rb:294:in `block in start_thread'


  Rendered /Users/lindsay_eisberg/.rvm/gems/ruby-2.2.0@HarveyNash_FinalProject/gems/actionpack-4.2.0/lib/action_dispatch/middleware/templates/rescues/_source.erb (4.2ms)
  Rendered /Users/lindsay_eisberg/.rvm/gems/ruby-2.2.0@HarveyNash_FinalProject/gems/actionpack-4.2.0/lib/action_dispatch/middleware/templates/rescues/_trace.html.erb (1.2ms)
  Rendered /Users/lindsay_eisberg/.rvm/gems/ruby-2.2.0@HarveyNash_FinalProject/gems/actionpack-4.2.0/lib/action_dispatch/middleware/templates/rescues/_request_and_response.html.erb (1.3ms)
  Rendered /Users/lindsay_eisberg/.rvm/gems/ruby-2.2.0@HarveyNash_FinalProject/gems/actionpack-4.2.0/lib/action_dispatch/middleware/templates/rescues/diagnostics.html.erb within rescues/layout (52.2ms)
  [1m[36m (1.2ms)[0m  [1mCREATE TABLE "schema_migrations" ("version" varchar NOT NULL) [0m
  [1m[35m (0.0ms)[0m  select sqlite_version(*)
  [1m[36m (0.8ms)[0m  [1mCREATE UNIQUE INDEX "unique_schema_migrations" ON "schema_migrations" ("version")[0m
  [1m[35mActiveRecord::SchemaMigration Load (0.1ms)[0m  SELECT "schema_migrations".* FROM "schema_migrations"
Migrating to CreateSessions (20150312155608)
  [1m[36m (0.1ms)[0m  [1mbegin transaction[0m
  [1m[35m (0.4ms)[0m  CREATE TABLE "sessions" ("id" INTEGER PRIMARY KEY AUTOINCREMENT NOT NULL, "session_id" varchar, "active" boolean, "created_at" datetime NOT NULL, "updated_at" datetime NOT NULL) 
  [1m[36mSQL (2.9ms)[0m  [1mINSERT INTO "schema_migrations" ("version") VALUES (?)[0m  [["version", "20150312155608"]]
  [1m[35m (0.8ms)[0m  commit transaction
Migrating to CreateTokens (20150312155741)
  [1m[36m (0.0ms)[0m  [1mbegin transaction[0m
  [1m[35m (0.3ms)[0m  CREATE TABLE "tokens" ("id" INTEGER PRIMARY KEY AUTOINCREMENT NOT NULL, "session_id" integer, "token" text, "active" boolean, "created_at" datetime NOT NULL, "updated_at" datetime NOT NULL) 
  [1m[36mSQL (0.1ms)[0m  [1mINSERT INTO "schema_migrations" ("version") VALUES (?)[0m  [["version", "20150312155741"]]
  [1m[35m (0.7ms)[0m  commit transaction
Migrating to CreateUsers (20150315133601)
  [1m[36m (0.0ms)[0m  [1mbegin transaction[0m
  [1m[35m (0.3ms)[0m  CREATE TABLE "users" ("id" INTEGER PRIMARY KEY AUTOINCREMENT NOT NULL, "username" varchar, "email" varchar, "password_hash" varchar, "password_salt" varchar, "created_at" datetime NOT NULL, "updated_at" datetime NOT NULL) 
  [1m[36mSQL (0.1ms)[0m  [1mINSERT INTO "schema_migrations" ("version") VALUES (?)[0m  [["version", "20150315133601"]]
  [1m[35m (0.5ms)[0m  commit transaction
Migrating to AddBlurbToUser (20150316193412)
  [1m[36m (0.0ms)[0m  [1mbegin transaction[0m
  [1m[35m (0.3ms)[0m  ALTER TABLE "users" ADD "blurb" text
  [1m[36mSQL (0.1ms)[0m  [1mINSERT INTO "schema_migrations" ("version") VALUES (?)[0m  [["version", "20150316193412"]]
  [1m[35m (0.6ms)[0m  commit transaction
Migrating to CreateSessionsUsersJoinTable (20150319182342)
  [1m[36m (0.0ms)[0m  [1mbegin transaction[0m
  [1m[35m (0.2ms)[0m  CREATE TABLE "session_users" ("session_id" integer NOT NULL, "user_id" integer NOT NULL, "role" varchar NOT NULL, "created_at" datetime NOT NULL, "updated_at" datetime NOT NULL) 
  [1m[36mSQL (0.1ms)[0m  [1mINSERT INTO "schema_migrations" ("version") VALUES (?)[0m  [["version", "20150319182342"]]
  [1m[35m (0.6ms)[0m  commit transaction
Migrating to AddCenterStageSwitchToSessionUsers (20150323134026)
  [1m[36m (0.1ms)[0m  [1mbegin transaction[0m
  [1m[35m (0.2ms)[0m  ALTER TABLE "session_users" ADD "center_stage" boolean DEFAULT 'f'
  [1m[36mSQL (0.1ms)[0m  [1mINSERT INTO "schema_migrations" ("version") VALUES (?)[0m  [["version", "20150323134026"]]
  [1m[35m (0.6ms)[0m  commit transaction
Migrating to AddIdToSessionUsers (20150323141531)
  [1m[36m (0.0ms)[0m  [1mbegin transaction[0m
  [1m[35m (0.2ms)[0m  CREATE TEMPORARY TABLE "asession_users" ("session_id" integer NOT NULL, "user_id" integer NOT NULL, "role" varchar NOT NULL, "created_at" datetime NOT NULL, "updated_at" datetime NOT NULL, "center_stage" boolean DEFAULT 'f') 
  [1m[36m (0.0ms)[0m  [1mSELECT * FROM "session_users"[0m
  [1m[35m (0.2ms)[0m  DROP TABLE "session_users"
  [1m[36m (0.1ms)[0m  [1mCREATE TABLE "session_users" ("session_id" integer NOT NULL, "user_id" integer NOT NULL, "role" varchar NOT NULL, "created_at" datetime NOT NULL, "updated_at" datetime NOT NULL, "center_stage" boolean DEFAULT 'f', "id" INTEGER PRIMARY KEY AUTOINCREMENT NOT NULL) [0m
  [1m[35m (0.0ms)[0m  SELECT * FROM "asession_users"
  [1m[36m (0.2ms)[0m  [1mDROP TABLE "asession_users"[0m
  [1m[35mSQL (0.1ms)[0m  INSERT INTO "schema_migrations" ("version") VALUES (?)  [["version", "20150323141531"]]
  [1m[36m (0.9ms)[0m  [1mcommit transaction[0m
Migrating to AddPresenceColumnToSessionUsers (20150324135654)
  [1m[35m (0.0ms)[0m  begin transaction
  [1m[36m (0.3ms)[0m  [1mALTER TABLE "session_users" ADD "present" boolean DEFAULT 'f'[0m
  [1m[35mSQL (0.1ms)[0m  INSERT INTO "schema_migrations" ("version") VALUES (?)  [["version", "20150324135654"]]
  [1m[36m (0.6ms)[0m  [1mcommit transaction[0m
Migrating to AddStartTimeToSessions (20150326000947)
  [1m[35m (0.0ms)[0m  begin transaction
  [1m[36m (0.3ms)[0m  [1mALTER TABLE "sessions" ADD "start_time" varchar[0m
  [1m[35mSQL (0.1ms)[0m  INSERT INTO "schema_migrations" ("version") VALUES (?)  [["version", "20150326000947"]]
  [1m[36m (0.7ms)[0m  [1mcommit transaction[0m
Migrating to AddNameColumnToUsers (20150326003415)
  [1m[35m (0.0ms)[0m  begin transaction
  [1m[36m (0.3ms)[0m  [1mALTER TABLE "users" ADD "name" varchar[0m
  [1m[35mSQL (0.1ms)[0m  INSERT INTO "schema_migrations" ("version") VALUES (?)  [["version", "20150326003415"]]
  [1m[36m (0.5ms)[0m  [1mcommit transaction[0m
Migrating to CreateQuestions (20150326174251)
  [1m[35m (0.0ms)[0m  begin transaction
  [1m[36m (0.2ms)[0m  [1mCREATE TABLE "questions" ("id" INTEGER PRIMARY KEY AUTOINCREMENT NOT NULL, "text" text, "open" boolean DEFAULT 't', "order_idx" integer NOT NULL, "session_id" integer NOT NULL, "user_id" integer NOT NULL, "created_at" datetime NOT NULL, "updated_at" datetime NOT NULL) [0m
  [1m[35mSQL (0.1ms)[0m  INSERT INTO "schema_migrations" ("version") VALUES (?)  [["version", "20150326174251"]]
  [1m[36m (0.7ms)[0m  [1mcommit transaction[0m
  [1m[35mActiveRecord::SchemaMigration Load (0.1ms)[0m  SELECT "schema_migrations".* FROM "schema_migrations"


Started GET "/" for ::1 at 2015-04-05 21:18:35 -0400
  [1m[36mActiveRecord::SchemaMigration Load (0.1ms)[0m  [1mSELECT "schema_migrations".* FROM "schema_migrations"[0m
Processing by Rails::WelcomeController#index as HTML
  Rendered /Users/lindsay_eisberg/.rvm/gems/ruby-2.2.0@HarveyNash_FinalProject/gems/railties-4.2.0/lib/rails/templates/rails/welcome/index.html.erb (1.3ms)
Completed 200 OK in 7ms (Views: 7.2ms | ActiveRecord: 0.0ms)


Started GET "/api/v1/users" for ::1 at 2015-04-05 21:18:53 -0400

ActionController::RoutingError (No route matches [GET] "/api/v1/users"):
  actionpack (4.2.0) lib/action_dispatch/middleware/debug_exceptions.rb:21:in `call'
  actionpack (4.2.0) lib/action_dispatch/middleware/show_exceptions.rb:30:in `call'
  railties (4.2.0) lib/rails/rack/logger.rb:38:in `call_app'
  railties (4.2.0) lib/rails/rack/logger.rb:20:in `block in call'
  activesupport (4.2.0) lib/active_support/tagged_logging.rb:68:in `block in tagged'
  activesupport (4.2.0) lib/active_support/tagged_logging.rb:26:in `tagged'
  activesupport (4.2.0) lib/active_support/tagged_logging.rb:68:in `tagged'
  railties (4.2.0) lib/rails/rack/logger.rb:20:in `call'
  actionpack (4.2.0) lib/action_dispatch/middleware/request_id.rb:21:in `call'
  rack (1.6.0) lib/rack/runtime.rb:18:in `call'
  activesupport (4.2.0) lib/active_support/cache/strategy/local_cache_middleware.rb:28:in `call'
  rack (1.6.0) lib/rack/lock.rb:17:in `call'
  actionpack (4.2.0) lib/action_dispatch/middleware/static.rb:113:in `call'
  railties (4.2.0) lib/rails/engine.rb:518:in `call'
  railties (4.2.0) lib/rails/application.rb:164:in `call'
  rack (1.6.0) lib/rack/lock.rb:17:in `call'
  rack (1.6.0) lib/rack/content_length.rb:15:in `call'
  rack (1.6.0) lib/rack/handler/webrick.rb:89:in `service'
  /Users/lindsay_eisberg/.rvm/rubies/ruby-2.2.0/lib/ruby/2.2.0/webrick/httpserver.rb:138:in `service'
  /Users/lindsay_eisberg/.rvm/rubies/ruby-2.2.0/lib/ruby/2.2.0/webrick/httpserver.rb:94:in `run'
  /Users/lindsay_eisberg/.rvm/rubies/ruby-2.2.0/lib/ruby/2.2.0/webrick/server.rb:294:in `block in start_thread'


  Rendered /Users/lindsay_eisberg/.rvm/gems/ruby-2.2.0@HarveyNash_FinalProject/gems/actionpack-4.2.0/lib/action_dispatch/middleware/templates/rescues/_trace.html.erb (1.0ms)
  Rendered /Users/lindsay_eisberg/.rvm/gems/ruby-2.2.0@HarveyNash_FinalProject/gems/actionpack-4.2.0/lib/action_dispatch/middleware/templates/routes/_route.html.erb (2.6ms)
  Rendered /Users/lindsay_eisberg/.rvm/gems/ruby-2.2.0@HarveyNash_FinalProject/gems/actionpack-4.2.0/lib/action_dispatch/middleware/templates/routes/_table.html.erb (11.1ms)
  Rendered /Users/lindsay_eisberg/.rvm/gems/ruby-2.2.0@HarveyNash_FinalProject/gems/actionpack-4.2.0/lib/action_dispatch/middleware/templates/rescues/_request_and_response.html.erb (0.7ms)
  Rendered /Users/lindsay_eisberg/.rvm/gems/ruby-2.2.0@HarveyNash_FinalProject/gems/actionpack-4.2.0/lib/action_dispatch/middleware/templates/rescues/routing_error.html.erb within rescues/layout (75.4ms)


Started GET "/api/v1/profile" for ::1 at 2015-04-05 21:19:13 -0400
Processing by Api::V1::UsersController#index as JSON
  [1m[35mUser Load (0.1ms)[0m  SELECT "users".* FROM "users"
Completed 200 OK in 7ms (Views: 0.7ms | ActiveRecord: 0.2ms)


Started OPTIONS "/api/v1/register" for ::1 at 2015-04-05 21:20:20 -0400


Started POST "/api/v1/register" for ::1 at 2015-04-05 21:20:20 -0400
Processing by Api::V1::UsersController#create as JSON
  Parameters: {"name"=>"test", "email"=>"test@user.com", "username"=>"test/user", "password"=>"[FILTERED]"}
Unpermitted parameter: format
  [1m[36m (0.1ms)[0m  [1mbegin transaction[0m
  [1m[35mUser Exists (0.1ms)[0m  SELECT  1 AS one FROM "users" WHERE "users"."username" = 'test/user' LIMIT 1
  [1m[36mUser Exists (0.0ms)[0m  [1mSELECT  1 AS one FROM "users" WHERE "users"."email" = 'test@user.com' LIMIT 1[0m
  [1m[35mSQL (0.5ms)[0m  INSERT INTO "users" ("name", "username", "email", "password_salt", "password_hash", "created_at", "updated_at") VALUES (?, ?, ?, ?, ?, ?, ?)  [["name", "test"], ["username", "test/user"], ["email", "test@user.com"], ["password_salt", "$2a$10$hSGtL0ZsU7Pja4zHsDRR0u"], ["password_hash", "$2a$10$hSGtL0ZsU7Pja4zHsDRR0u9caFdiRg5MBETxJBKZlU9aCEguzmI/W"], ["created_at", "2015-04-06 01:20:20.857887"], ["updated_at", "2015-04-06 01:20:20.857887"]]
  [1m[36m (0.7ms)[0m  [1mcommit transaction[0m
Completed 200 OK in 94ms (Views: 0.2ms | ActiveRecord: 1.8ms)


Started GET "/api/v1/profile" for ::1 at 2015-04-05 21:20:20 -0400
Processing by Api::V1::UsersController#index as JSON
  [1m[35mUser Load (0.3ms)[0m  SELECT "users".* FROM "users"
Completed 200 OK in 2ms (Views: 1.3ms | ActiveRecord: 0.3ms)


Started GET "/api/v1/profile/1" for ::1 at 2015-04-05 21:20:20 -0400
Processing by Api::V1::UsersController#show as JSON
  Parameters: {"id"=>"1"}
  [1m[36mUser Load (0.4ms)[0m  [1mSELECT  "users".* FROM "users" WHERE "users"."id" = ? LIMIT 1[0m  [["id", 1]]
Completed 200 OK in 14ms (Views: 0.9ms | ActiveRecord: 0.4ms)


Started GET "/api/v1/profile/1" for ::1 at 2015-04-05 21:20:20 -0400
Processing by Api::V1::UsersController#show as JSON
  Parameters: {"id"=>"1"}
  [1m[35mUser Load (0.1ms)[0m  SELECT  "users".* FROM "users" WHERE "users"."id" = ? LIMIT 1  [["id", 1]]
Completed 200 OK in 1ms (Views: 0.4ms | ActiveRecord: 0.1ms)


Started GET "/api/v1/sessions" for ::1 at 2015-04-05 21:20:20 -0400
Processing by Api::V1::SessionsController#index as JSON
  [1m[36mSession Load (0.1ms)[0m  [1mSELECT "sessions".* FROM "sessions"[0m
  Rendered api/v1/sessions/index.json.jbuilder (3.7ms)
Completed 200 OK in 9ms (Views: 6.3ms | ActiveRecord: 0.2ms)


Started GET "/api/v1/profile" for ::1 at 2015-04-05 21:20:20 -0400
Processing by Api::V1::UsersController#index as JSON
  [1m[35mUser Load (0.1ms)[0m  SELECT "users".* FROM "users"
Completed 200 OK in 1ms (Views: 0.6ms | ActiveRecord: 0.1ms)


Started GET "/api/v1/profile/1" for ::1 at 2015-04-05 21:20:20 -0400
Processing by Api::V1::UsersController#show as JSON
  Parameters: {"id"=>"1"}
  [1m[36mUser Load (0.1ms)[0m  [1mSELECT  "users".* FROM "users" WHERE "users"."id" = ? LIMIT 1[0m  [["id", 1]]
Completed 200 OK in 1ms (Views: 0.4ms | ActiveRecord: 0.1ms)


Started GET "/api/v1/sessions" for ::1 at 2015-04-05 21:20:20 -0400
Processing by Api::V1::SessionsController#index as JSON
  [1m[35mSession Load (0.1ms)[0m  SELECT "sessions".* FROM "sessions"
  Rendered api/v1/sessions/index.json.jbuilder (0.3ms)
Completed 200 OK in 2ms (Views: 1.4ms | ActiveRecord: 0.1ms)


Started GET "/api/v1/profile" for ::1 at 2015-04-05 21:20:20 -0400
Processing by Api::V1::UsersController#index as JSON
  [1m[36mUser Load (0.1ms)[0m  [1mSELECT "users".* FROM "users"[0m
Completed 200 OK in 1ms (Views: 0.5ms | ActiveRecord: 0.1ms)


Started GET "/api/v1/sessions" for ::1 at 2015-04-05 21:20:20 -0400
Processing by Api::V1::SessionsController#index as JSON
  [1m[35mSession Load (0.1ms)[0m  SELECT "sessions".* FROM "sessions"
  Rendered api/v1/sessions/index.json.jbuilder (0.4ms)
Completed 200 OK in 2ms (Views: 1.3ms | ActiveRecord: 0.1ms)


Started GET "/api/v1/profile" for ::1 at 2015-04-05 21:20:31 -0400
Processing by Api::V1::UsersController#index as JSON
  [1m[36mUser Load (0.1ms)[0m  [1mSELECT "users".* FROM "users"[0m
Completed 200 OK in 1ms (Views: 0.6ms | ActiveRecord: 0.1ms)


Started GET "/api/v1/profile/1" for ::1 at 2015-04-05 21:20:31 -0400
Processing by Api::V1::UsersController#show as JSON
  Parameters: {"id"=>"1"}
  [1m[35mUser Load (0.1ms)[0m  SELECT  "users".* FROM "users" WHERE "users"."id" = ? LIMIT 1  [["id", 1]]
Completed 200 OK in 1ms (Views: 0.3ms | ActiveRecord: 0.1ms)


Started GET "/api/v1/sessions" for ::1 at 2015-04-05 21:20:31 -0400
Processing by Api::V1::SessionsController#index as JSON
  [1m[36mSession Load (0.1ms)[0m  [1mSELECT "sessions".* FROM "sessions"[0m
  Rendered api/v1/sessions/index.json.jbuilder (0.5ms)
Completed 200 OK in 2ms (Views: 1.5ms | ActiveRecord: 0.1ms)


Started GET "/api/v1/profile" for ::1 at 2015-04-05 21:20:31 -0400
Processing by Api::V1::UsersController#index as JSON
  [1m[35mUser Load (0.1ms)[0m  SELECT "users".* FROM "users"
Completed 200 OK in 1ms (Views: 0.7ms | ActiveRecord: 0.1ms)


Started GET "/api/v1/profile/1" for ::1 at 2015-04-05 21:20:31 -0400
Processing by Api::V1::UsersController#show as JSON
  Parameters: {"id"=>"1"}
  [1m[36mUser Load (0.1ms)[0m  [1mSELECT  "users".* FROM "users" WHERE "users"."id" = ? LIMIT 1[0m  [["id", 1]]
Completed 200 OK in 1ms (Views: 0.5ms | ActiveRecord: 0.1ms)


Started GET "/api/v1/sessions" for ::1 at 2015-04-05 21:20:31 -0400
Processing by Api::V1::SessionsController#index as JSON
  [1m[35mSession Load (0.1ms)[0m  SELECT "sessions".* FROM "sessions"
  Rendered api/v1/sessions/index.json.jbuilder (0.6ms)
Completed 200 OK in 4ms (Views: 3.4ms | ActiveRecord: 0.1ms)


Started GET "/api/v1/profile" for ::1 at 2015-04-05 21:20:31 -0400
Processing by Api::V1::UsersController#index as JSON
  [1m[36mUser Load (0.1ms)[0m  [1mSELECT "users".* FROM "users"[0m
Completed 200 OK in 1ms (Views: 0.5ms | ActiveRecord: 0.1ms)


Started GET "/api/v1/profile/1" for ::1 at 2015-04-05 21:20:31 -0400
Processing by Api::V1::UsersController#show as JSON
  Parameters: {"id"=>"1"}
  [1m[35mUser Load (0.1ms)[0m  SELECT  "users".* FROM "users" WHERE "users"."id" = ? LIMIT 1  [["id", 1]]
Completed 200 OK in 1ms (Views: 0.3ms | ActiveRecord: 0.1ms)


Started GET "/api/v1/sessions" for ::1 at 2015-04-05 21:20:31 -0400
Processing by Api::V1::SessionsController#index as JSON
  [1m[36mSession Load (0.1ms)[0m  [1mSELECT "sessions".* FROM "sessions"[0m
  Rendered api/v1/sessions/index.json.jbuilder (0.4ms)
Completed 200 OK in 2ms (Views: 1.4ms | ActiveRecord: 0.1ms)


Started GET "/api/v1/auth/token_status?token=undefined" for ::1 at 2015-04-05 21:28:01 -0400
  [1m[36mActiveRecord::SchemaMigration Load (0.1ms)[0m  [1mSELECT "schema_migrations".* FROM "schema_migrations"[0m

ActionController::RoutingError (No route matches [GET] "/api/v1/auth/token_status"):
  actionpack (4.2.0) lib/action_dispatch/middleware/debug_exceptions.rb:21:in `call'
  actionpack (4.2.0) lib/action_dispatch/middleware/show_exceptions.rb:30:in `call'
  railties (4.2.0) lib/rails/rack/logger.rb:38:in `call_app'
  railties (4.2.0) lib/rails/rack/logger.rb:20:in `block in call'
  activesupport (4.2.0) lib/active_support/tagged_logging.rb:68:in `block in tagged'
  activesupport (4.2.0) lib/active_support/tagged_logging.rb:26:in `tagged'
  activesupport (4.2.0) lib/active_support/tagged_logging.rb:68:in `tagged'
  railties (4.2.0) lib/rails/rack/logger.rb:20:in `call'
  actionpack (4.2.0) lib/action_dispatch/middleware/request_id.rb:21:in `call'
  rack (1.6.0) lib/rack/runtime.rb:18:in `call'
  activesupport (4.2.0) lib/active_support/cache/strategy/local_cache_middleware.rb:28:in `call'
  rack (1.6.0) lib/rack/lock.rb:17:in `call'
  actionpack (4.2.0) lib/action_dispatch/middleware/static.rb:113:in `call'
  railties (4.2.0) lib/rails/engine.rb:518:in `call'
  railties (4.2.0) lib/rails/application.rb:164:in `call'
  rack (1.6.0) lib/rack/lock.rb:17:in `call'
  rack (1.6.0) lib/rack/content_length.rb:15:in `call'
  rack (1.6.0) lib/rack/handler/webrick.rb:89:in `service'
  /Users/lindsay_eisberg/.rvm/rubies/ruby-2.2.0/lib/ruby/2.2.0/webrick/httpserver.rb:138:in `service'
  /Users/lindsay_eisberg/.rvm/rubies/ruby-2.2.0/lib/ruby/2.2.0/webrick/httpserver.rb:94:in `run'
  /Users/lindsay_eisberg/.rvm/rubies/ruby-2.2.0/lib/ruby/2.2.0/webrick/server.rb:294:in `block in start_thread'


  Rendered /Users/lindsay_eisberg/.rvm/gems/ruby-2.2.0@HarveyNash_FinalProject/gems/actionpack-4.2.0/lib/action_dispatch/middleware/templates/rescues/_trace.html.erb (1.0ms)
  Rendered /Users/lindsay_eisberg/.rvm/gems/ruby-2.2.0@HarveyNash_FinalProject/gems/actionpack-4.2.0/lib/action_dispatch/middleware/templates/routes/_route.html.erb (1.4ms)
  Rendered /Users/lindsay_eisberg/.rvm/gems/ruby-2.2.0@HarveyNash_FinalProject/gems/actionpack-4.2.0/lib/action_dispatch/middleware/templates/routes/_table.html.erb (5.3ms)
  Rendered /Users/lindsay_eisberg/.rvm/gems/ruby-2.2.0@HarveyNash_FinalProject/gems/actionpack-4.2.0/lib/action_dispatch/middleware/templates/rescues/_request_and_response.html.erb (1.0ms)
  Rendered /Users/lindsay_eisberg/.rvm/gems/ruby-2.2.0@HarveyNash_FinalProject/gems/actionpack-4.2.0/lib/action_dispatch/middleware/templates/rescues/routing_error.html.erb within rescues/layout (69.9ms)


Started GET "/api/v1/auth/token_status?token=undefined" for ::1 at 2015-04-05 21:40:59 -0400
  [1m[36mActiveRecord::SchemaMigration Load (0.2ms)[0m  [1mSELECT "schema_migrations".* FROM "schema_migrations"[0m

ActionController::RoutingError (No route matches [GET] "/api/v1/auth/token_status"):
  actionpack (4.2.0) lib/action_dispatch/middleware/debug_exceptions.rb:21:in `call'
  actionpack (4.2.0) lib/action_dispatch/middleware/show_exceptions.rb:30:in `call'
  railties (4.2.0) lib/rails/rack/logger.rb:38:in `call_app'
  railties (4.2.0) lib/rails/rack/logger.rb:20:in `block in call'
  activesupport (4.2.0) lib/active_support/tagged_logging.rb:68:in `block in tagged'
  activesupport (4.2.0) lib/active_support/tagged_logging.rb:26:in `tagged'
  activesupport (4.2.0) lib/active_support/tagged_logging.rb:68:in `tagged'
  railties (4.2.0) lib/rails/rack/logger.rb:20:in `call'
  actionpack (4.2.0) lib/action_dispatch/middleware/request_id.rb:21:in `call'
  rack (1.6.0) lib/rack/runtime.rb:18:in `call'
  activesupport (4.2.0) lib/active_support/cache/strategy/local_cache_middleware.rb:28:in `call'
  rack (1.6.0) lib/rack/lock.rb:17:in `call'
  actionpack (4.2.0) lib/action_dispatch/middleware/static.rb:113:in `call'
  railties (4.2.0) lib/rails/engine.rb:518:in `call'
  railties (4.2.0) lib/rails/application.rb:164:in `call'
  rack (1.6.0) lib/rack/lock.rb:17:in `call'
  rack (1.6.0) lib/rack/content_length.rb:15:in `call'
  rack (1.6.0) lib/rack/handler/webrick.rb:89:in `service'
  /Users/lindsay_eisberg/.rvm/rubies/ruby-2.2.0/lib/ruby/2.2.0/webrick/httpserver.rb:138:in `service'
  /Users/lindsay_eisberg/.rvm/rubies/ruby-2.2.0/lib/ruby/2.2.0/webrick/httpserver.rb:94:in `run'
  /Users/lindsay_eisberg/.rvm/rubies/ruby-2.2.0/lib/ruby/2.2.0/webrick/server.rb:294:in `block in start_thread'


  Rendered /Users/lindsay_eisberg/.rvm/gems/ruby-2.2.0/gems/actionpack-4.2.0/lib/action_dispatch/middleware/templates/rescues/_trace.html.erb (1.2ms)
  Rendered /Users/lindsay_eisberg/.rvm/gems/ruby-2.2.0/gems/actionpack-4.2.0/lib/action_dispatch/middleware/templates/routes/_route.html.erb (1.5ms)
  Rendered /Users/lindsay_eisberg/.rvm/gems/ruby-2.2.0/gems/actionpack-4.2.0/lib/action_dispatch/middleware/templates/routes/_table.html.erb (8.0ms)
  Rendered /Users/lindsay_eisberg/.rvm/gems/ruby-2.2.0/gems/actionpack-4.2.0/lib/action_dispatch/middleware/templates/rescues/_request_and_response.html.erb (0.9ms)
  Rendered /Users/lindsay_eisberg/.rvm/gems/ruby-2.2.0/gems/actionpack-4.2.0/lib/action_dispatch/middleware/templates/rescues/routing_error.html.erb within rescues/layout (69.6ms)
